2024-03-11 15:53:45.771 [info] Extension host with pid 1395 started
2024-03-11 15:53:45.813 [info] Lock '/home/wilgner_showtime/.codeoss/data/User/workspaceStorage/-27c94564/vscode.lock': Lock acquired.
2024-03-11 15:53:46.003 [info] ExtensionService#_doActivateExtension vscode.git-base, startup: true, activationEvent: '*', root cause: vscode.git
2024-03-11 15:53:46.010 [info] ExtensionService#_doActivateExtension vscode.npm, startup: true, activationEvent: 'workspaceContains:package.json'
2024-03-11 15:53:46.680 [info] ExtensionService#_doActivateExtension redhat.fabric8-analytics, startup: true, activationEvent: 'workspaceContains:**/package.json,**/pom.xml,**/requirements.txt,**/go.mod'
2024-03-11 15:53:47.292 [info] ExtensionService#_doActivateExtension vscode.git, startup: true, activationEvent: '*'
2024-03-11 15:53:47.292 [info] ExtensionService#_doActivateExtension vscode.github, startup: true, activationEvent: '*'
2024-03-11 15:53:47.369 [error] No bundle location found for extension redhat.fabric8-analytics
2024-03-11 15:53:48.303 [info] Eager extensions activated
2024-03-11 15:53:48.303 [info] ExtensionService#_doActivateExtension EditorConfig.EditorConfig, startup: false, activationEvent: 'onStartupFinished'
2024-03-11 15:53:48.303 [info] ExtensionService#_doActivateExtension google.cloud-shell, startup: false, activationEvent: 'onStartupFinished'
2024-03-11 15:53:48.304 [info] ExtensionService#_doActivateExtension googlecloudtools.cloudcode, startup: false, activationEvent: 'onStartupFinished'
2024-03-11 15:53:48.304 [info] ExtensionService#_doActivateExtension vscode.debug-auto-launch, startup: false, activationEvent: 'onStartupFinished'
2024-03-11 15:53:48.304 [info] ExtensionService#_doActivateExtension vscode.merge-conflict, startup: false, activationEvent: 'onStartupFinished'
2024-03-11 15:53:49.202 [error] No bundle location found for extension googlecloudtools.cloudcode
2024-03-11 15:53:50.136 [error] No bundle location found for extension EditorConfig.EditorConfig
2024-03-11 15:53:50.136 [error] No bundle location found for extension google.cloud-shell
2024-03-11 15:53:50.540 [info] ExtensionService#_doActivateExtension vscode.json-language-features, startup: false, activationEvent: 'onLanguage:jsonc'
2024-03-11 15:53:50.541 [info] ExtensionService#_doActivateExtension vscode.typescript-language-features, startup: false, activationEvent: 'onLanguage:jsonc'
2024-03-11 15:53:50.541 [info] ExtensionService#_doActivateExtension vscode.emmet, startup: false, activationEvent: 'onLanguage'
2024-03-11 15:53:50.728 [info] ExtensionService#_doActivateExtension vscode.markdown-language-features, startup: false, activationEvent: 'onCommand:markdown.showPreview'
2024-03-11 15:53:54.380 [info] ExtensionService#_doActivateExtension vscode.extension-editing, startup: false, activationEvent: 'onLanguage:markdown'
2024-03-11 15:53:54.521 [info] ExtensionService#_doActivateExtension vscode.markdown-math, startup: false, activationEvent: 'api', root cause: vscode.markdown-language-features
2024-03-11 15:53:56.083 [warning] Using default string since no string found in i18n bundle that has the key: This activation event can be removed as Code OSS generates these automatically from your package.json contribution declarations.
2024-03-11 15:53:56.084 [warning] Using default string since no string found in i18n bundle that has the key: This proposal cannot be used because for this extension the product defines a fixed set of API proposals. You can test your extension but before publishing you MUST reach out to the Code OSS team.
2024-03-11 15:53:56.084 [warning] Using default string since no string found in i18n bundle that has the key: This activation event can be removed for extensions targeting engine version ^1.75 as Code OSS will generate these automatically from your package.json contribution declarations.
2024-03-11 15:56:32.522 [info] ExtensionService#_doActivateExtension PKief.material-icon-theme, startup: false, activationEvent: 'onStartupFinished'
2024-03-11 16:03:03.099 [info] ExtensionService#_doActivateExtension vscode.simple-browser, startup: false, activationEvent: 'onOpenExternalUri:https'
2024-03-11 16:04:05.221 [info] ExtensionService#_doActivateExtension vscode.html-language-features, startup: false, activationEvent: 'onLanguage:handlebars'
2024-03-11 16:10:47.980 [info] ExtensionService#_doActivateExtension hashicorp.terraform, startup: false, activationEvent: 'onView:terraform.providers'
2024-03-11 16:10:50.160 [error] No bundle location found for extension hashicorp.terraform
