Initializing document watcher...
Document watcher initialized
testefas/Untitled-1: {}
/User/settings.json: Using EditorConfig core...
No more open editors.
No more open editors.
/User/settings.json: Using EditorConfig core...
No more open editors.
No more open editors.
No more open editors.
No more open editors.
No more open editors.
testefas/Dockerfile: {}
testefas/index.html.hbs: {}
testefas/.dockerignore: {}
testefas/Dockerfile: {}
No more open editors.
No more open editors.
testefas/Dockerfile: {}
No more open editors.
No more open editors.
No more open editors.
No more open editors.
No more open editors.
testefas/Dockerfile: {}
No more open editors.
undefined: {}
No more open editors.
testefas/.vscode/extensions.json: {}
testefas/.vscode/extensions.json: {}
testefas/.vscode/extensions.json: {}
testefas/README.md: {}
