2024-03-11 15:53:48.486 [info] Nível de log: Info
2024-03-11 15:53:48.486 [info] Validando o git encontrado em: git
2024-03-11 15:53:48.486 [info] Usando git ''2.30.2'' de ''git''
2024-03-11 15:53:48.486 [info] > git rev-parse --show-toplevel [3ms]
2024-03-11 15:53:48.486 [info] fatal: not a git repository (or any parent up to mount point /)
Stopping at filesystem boundary (GIT_DISCOVERY_ACROSS_FILESYSTEM not set).
2024-03-11 15:53:48.486 [info] > git rev-parse --show-toplevel [1ms]
2024-03-11 15:53:48.486 [info] fatal: not a git repository (or any parent up to mount point /)
Stopping at filesystem boundary (GIT_DISCOVERY_ACROSS_FILESYSTEM not set).
2024-03-11 15:53:48.486 [info] > git rev-parse --show-toplevel [1ms]
2024-03-11 15:53:48.486 [info] fatal: not a git repository (or any parent up to mount point /)
Stopping at filesystem boundary (GIT_DISCOVERY_ACROSS_FILESYSTEM not set).
2024-03-11 15:53:48.486 [info] > git rev-parse --show-toplevel [1ms]
2024-03-11 15:53:48.486 [info] fatal: not a git repository (or any parent up to mount point /)
Stopping at filesystem boundary (GIT_DISCOVERY_ACROSS_FILESYSTEM not set).
2024-03-11 15:53:48.486 [info] > git rev-parse --show-toplevel [2ms]
2024-03-11 15:53:48.486 [info] fatal: not a git repository (or any parent up to mount point /)
Stopping at filesystem boundary (GIT_DISCOVERY_ACROSS_FILESYSTEM not set).
2024-03-11 15:53:48.486 [info] > git rev-parse --show-toplevel [2ms]
2024-03-11 15:53:48.486 [info] fatal: not a git repository (or any parent up to mount point /)
Stopping at filesystem boundary (GIT_DISCOVERY_ACROSS_FILESYSTEM not set).
2024-03-11 15:53:48.486 [info] > git rev-parse --show-toplevel [1ms]
2024-03-11 15:53:48.486 [info] fatal: not a git repository (or any parent up to mount point /)
Stopping at filesystem boundary (GIT_DISCOVERY_ACROSS_FILESYSTEM not set).
2024-03-11 15:56:32.299 [info] > git rev-parse --show-toplevel [7ms]
2024-03-11 15:56:32.299 [info] fatal: not a git repository (or any parent up to mount point /)
Stopping at filesystem boundary (GIT_DISCOVERY_ACROSS_FILESYSTEM not set).
2024-03-11 15:56:34.877 [info] > git rev-parse --show-toplevel [2ms]
2024-03-11 15:56:34.877 [info] fatal: not a git repository (or any parent up to mount point /)
Stopping at filesystem boundary (GIT_DISCOVERY_ACROSS_FILESYSTEM not set).
2024-03-11 15:57:59.049 [info] > git rev-parse --show-toplevel [2ms]
2024-03-11 15:57:59.049 [info] fatal: not a git repository (or any parent up to mount point /)
Stopping at filesystem boundary (GIT_DISCOVERY_ACROSS_FILESYSTEM not set).
2024-03-11 16:03:58.233 [info] > git rev-parse --show-toplevel [3ms]
2024-03-11 16:03:58.233 [info] fatal: not a git repository (or any parent up to mount point /)
Stopping at filesystem boundary (GIT_DISCOVERY_ACROSS_FILESYSTEM not set).
2024-03-11 16:04:05.241 [info] > git rev-parse --show-toplevel [4ms]
2024-03-11 16:04:05.241 [info] fatal: not a git repository (or any parent up to mount point /)
Stopping at filesystem boundary (GIT_DISCOVERY_ACROSS_FILESYSTEM not set).
2024-03-11 16:04:10.285 [info] > git rev-parse --show-toplevel [3ms]
2024-03-11 16:04:10.285 [info] fatal: not a git repository (or any parent up to mount point /)
Stopping at filesystem boundary (GIT_DISCOVERY_ACROSS_FILESYSTEM not set).
2024-03-11 16:04:11.253 [info] > git rev-parse --show-toplevel [3ms]
2024-03-11 16:04:11.253 [info] fatal: not a git repository (or any parent up to mount point /)
Stopping at filesystem boundary (GIT_DISCOVERY_ACROSS_FILESYSTEM not set).
2024-03-11 16:06:09.952 [info] > git rev-parse --show-toplevel [3ms]
2024-03-11 16:06:09.952 [info] fatal: not a git repository (or any parent up to mount point /)
Stopping at filesystem boundary (GIT_DISCOVERY_ACROSS_FILESYSTEM not set).
2024-03-11 16:11:04.153 [info] > git rev-parse --show-toplevel [4ms]
2024-03-11 16:11:04.153 [info] fatal: not a git repository (or any parent up to mount point /)
Stopping at filesystem boundary (GIT_DISCOVERY_ACROSS_FILESYSTEM not set).
2024-03-11 16:12:32.693 [info] > git rev-parse --show-toplevel [6ms]
2024-03-11 16:12:32.693 [info] fatal: not a git repository (or any parent up to mount point /)
Stopping at filesystem boundary (GIT_DISCOVERY_ACROSS_FILESYSTEM not set).
2024-03-11 16:17:54.234 [info] > git rev-parse --show-toplevel [10ms]
2024-03-11 16:17:54.234 [info] fatal: not a git repository (or any parent up to mount point /)
Stopping at filesystem boundary (GIT_DISCOVERY_ACROSS_FILESYSTEM not set).
